Using pre-set license
Built from '2020.3/staging' branch; Version is '2020.3.11f1 (99c7afb366b3) revision 10078127'; Using compiler version '192528614'; Build Type 'Release'
OS: 'Windows 10 Pro; OS build 19043.1237; Version 2009; 64bit' Language: 'en' Physical Memory: 32637 MB
BatchMode: 1, IsHumanControllingUs: 0, StartBugReporterOnCrash: 0, Is64bit: 1, IsPro: 0

 COMMAND LINE ARGUMENTS:
C:\Program Files\Unity\Hub\Editor\2020.3.11f1\Editor\Unity.exe
-adb2
-batchMode
-noUpm
-name
AssetImportWorker0
-projectPath
C:/Users/matan/Documents/GitHub/MemoryGame
-logFile
Logs/AssetImportWorker0.log
-srvPort
53719
Successfully changed project path to: C:/Users/matan/Documents/GitHub/MemoryGame
C:/Users/matan/Documents/GitHub/MemoryGame
Using Asset Import Pipeline V2.
Refreshing native plugins compatible for Editor in 34.20 ms, found 2 plugins.
Preloading 0 native plugins for Editor in 0.00 ms.
Initialize engine version: 2020.3.11f1 (99c7afb366b3)
[Subsystems] Discovering subsystems at path C:/Program Files/Unity/Hub/Editor/2020.3.11f1/Editor/Data/Resources/UnitySubsystems
[Subsystems] Discovering subsystems at path C:/Users/matan/Documents/GitHub/MemoryGame/Assets
GfxDevice: creating device client; threaded=0
Direct3D:
    Version:  Direct3D 11.0 [level 11.1]
    Renderer: NVIDIA GeForce GTX 1070 (ID=0x1b81)
    Vendor:   
    VRAM:     8088 MB
    Driver:   30.0.14.7196
Initialize mono
Mono path[0] = 'C:/Program Files/Unity/Hub/Editor/2020.3.11f1/Editor/Data/Managed'
Mono path[1] = 'C:/Program Files/Unity/Hub/Editor/2020.3.11f1/Editor/Data/MonoBleedingEdge/lib/mono/unityjit'
Mono config path = 'C:/Program Files/Unity/Hub/Editor/2020.3.11f1/Editor/Data/MonoBleedingEdge/etc'
Using monoOptions --debugger-agent=transport=dt_socket,embedding=1,server=y,suspend=n,address=127.0.0.1:56488
Begin MonoManager ReloadAssembly
Registering precompiled unity dll's ...
Register platform support module: C:/Program Files/Unity/Hub/Editor/2020.3.11f1/Editor/Data/PlaybackEngines/WebGLSupport/UnityEditor.WebGL.Extensions.dll
Register platform support module: C:/Program Files/Unity/Hub/Editor/2020.3.11f1/Editor/Data/PlaybackEngines/WindowsStandaloneSupport/UnityEditor.WindowsStandalone.Extensions.dll
Registered in 0.001338 seconds.
Native extension for WindowsStandalone target not found
Native extension for WebGL target not found
Refreshing native plugins compatible for Editor in 32.88 ms, found 2 plugins.
Preloading 0 native plugins for Editor in 0.00 ms.
Mono: successfully reloaded assembly
- Completed reload, in  1.362 seconds
Platform modules already initialized, skipping
Registering precompiled user dll's ...
Registered in 0.002844 seconds.
Begin MonoManager ReloadAssembly
Native extension for WindowsStandalone target not found
Native extension for WebGL target not found
Refreshing native plugins compatible for Editor in 0.59 ms, found 2 plugins.
Preloading 0 native plugins for Editor in 0.00 ms.
Mono: successfully reloaded assembly
- Completed reload, in  0.730 seconds
Platform modules already initialized, skipping
========================================================================
Worker process is ready to serve import requests
Launched and connected shader compiler UnityShaderCompiler.exe after 0.03 seconds
Refreshing native plugins compatible for Editor in 0.68 ms, found 2 plugins.
Preloading 0 native plugins for Editor in 0.00 ms.
Unloading 1938 Unused Serialized files (Serialized files now loaded: 0)
System memory in use before: 80.1 MB.
System memory in use after: 80.1 MB.

Unloading 58 unused Assets to reduce memory usage. Loaded Objects now: 2341.
Total: 3.689700 ms (FindLiveObjects: 0.242100 ms CreateObjectMapping: 0.046100 ms MarkObjects: 3.340300 ms  DeleteObjects: 0.059100 ms)

========================================================================
Received Import Request.
  path: Assets/Scenes
  artifactKey: Guid(3e9c87974411fd94ba8c147ba49dfe73) Importer(815301076,1909f56bfc062723c751e8b465ee728b)
Start importing Assets/Scenes using Guid(3e9c87974411fd94ba8c147ba49dfe73) Importer(815301076,1909f56bfc062723c751e8b465ee728b)  -> (artifact id: '0102dc8e9fb95e414ac299c30937a319') in 0.008764 seconds
  Import took 0.011168 seconds .

========================================================================
Received Import Request.
  Time since last request: 0.000250 seconds.
  path: Assets/Scenes/Game.unity
  artifactKey: Guid(84b8d93f8e115974fb4b9870adab6bd7) Importer(815301076,1909f56bfc062723c751e8b465ee728b)
Start importing Assets/Scenes/Game.unity using Guid(84b8d93f8e115974fb4b9870adab6bd7) Importer(815301076,1909f56bfc062723c751e8b465ee728b)  -> (artifact id: 'b6ef18c0150f1c0cc30512dd787d7458') in 0.011589 seconds
  Import took 0.013939 seconds .

========================================================================
Received Import Request.
  Time since last request: 20.348041 seconds.
  path: Assets/Textures/card_back.jpg
  artifactKey: Guid(4af61e6c01c944a218913245f50dd060) Importer(815301076,1909f56bfc062723c751e8b465ee728b)
Start importing Assets/Textures/card_back.jpg using Guid(4af61e6c01c944a218913245f50dd060) Importer(815301076,1909f56bfc062723c751e8b465ee728b)  -> (artifact id: '97392ae93573fb427ef8d2c7cc7413be') in 0.067995 seconds
  Import took 0.070201 seconds .

========================================================================
Received Import Request.
  Time since last request: 0.000155 seconds.
  path: Assets/Textures/vikings_8.jpg
  artifactKey: Guid(19d81a5cf03fa4b47bccdfedf79597cf) Importer(815301076,1909f56bfc062723c751e8b465ee728b)
Start importing Assets/Textures/vikings_8.jpg using Guid(19d81a5cf03fa4b47bccdfedf79597cf) Importer(815301076,1909f56bfc062723c751e8b465ee728b)  -> (artifact id: 'f94402cbc0ef6f71ad245b01a7cb2bf5') in 0.012427 seconds
  Import took 0.014715 seconds .

========================================================================
Received Import Request.
  Time since last request: 0.000194 seconds.
  path: Packages/com.unity.purchasing/Icons/UnityEngine.Purchasing.IAPButtonIcon.png
  artifactKey: Guid(55e457740fe60405dac77af143e1a867) Importer(815301076,1909f56bfc062723c751e8b465ee728b)
Start importing Packages/com.unity.purchasing/Icons/UnityEngine.Purchasing.IAPButtonIcon.png using Guid(55e457740fe60405dac77af143e1a867) Importer(815301076,1909f56bfc062723c751e8b465ee728b)  -> (artifact id: 'b3c0049f4202b181d4cdb1a8fd51d449') in 0.009794 seconds
  Import took 0.012040 seconds .

========================================================================
Received Import Request.
  Time since last request: 0.000134 seconds.
  path: Assets/Textures/vikings_1.jpg
  artifactKey: Guid(3954ca5dddc2c43c397fa10074f8ba81) Importer(815301076,1909f56bfc062723c751e8b465ee728b)
Start importing Assets/Textures/vikings_1.jpg using Guid(3954ca5dddc2c43c397fa10074f8ba81) Importer(815301076,1909f56bfc062723c751e8b465ee728b)  -> (artifact id: '002c19d4155960d828decc0ee25423e2') in 0.010091 seconds
  Import took 0.012206 seconds .

========================================================================
Received Import Request.
  Time since last request: 0.000143 seconds.
  path: Assets/Textures/timer.png
  artifactKey: Guid(78c4ce15ba94e4535a4d74f5da7e5d4a) Importer(815301076,1909f56bfc062723c751e8b465ee728b)
Start importing Assets/Textures/timer.png using Guid(78c4ce15ba94e4535a4d74f5da7e5d4a) Importer(815301076,1909f56bfc062723c751e8b465ee728b)  -> (artifact id: 'da4d8f19b3f5986b93ebefc81abbf4e8') in 0.015202 seconds
  Import took 0.017485 seconds .

========================================================================
Received Import Request.
  Time since last request: 0.000161 seconds.
  path: Assets/Textures/vikings_6.jpg
  artifactKey: Guid(c2adddb550818473cac4e52fe4827f07) Importer(815301076,1909f56bfc062723c751e8b465ee728b)
Start importing Assets/Textures/vikings_6.jpg using Guid(c2adddb550818473cac4e52fe4827f07) Importer(815301076,1909f56bfc062723c751e8b465ee728b)  -> (artifact id: '7471bd24cb8bfd83673032ed0f5c0c37') in 0.010560 seconds
  Import took 0.012844 seconds .

========================================================================
Received Import Request.
  Time since last request: 0.000123 seconds.
  path: Assets/Textures/vikings_7.jpg
  artifactKey: Guid(2d88f660dc4904e3f9b1a976fc1f0a09) Importer(815301076,1909f56bfc062723c751e8b465ee728b)
Start importing Assets/Textures/vikings_7.jpg using Guid(2d88f660dc4904e3f9b1a976fc1f0a09) Importer(815301076,1909f56bfc062723c751e8b465ee728b)  -> (artifact id: '086077f119856ae463f5a02cc364be7c') in 0.011726 seconds
  Import took 0.013850 seconds .

========================================================================
Received Import Request.
  Time since last request: 0.000128 seconds.
  path: Packages/com.unity.purchasing/Icons/LinkBlack.png
  artifactKey: Guid(33d3dd2c39dfd49a3b2d36b20225624a) Importer(815301076,1909f56bfc062723c751e8b465ee728b)
Start importing Packages/com.unity.purchasing/Icons/LinkBlack.png using Guid(33d3dd2c39dfd49a3b2d36b20225624a) Importer(815301076,1909f56bfc062723c751e8b465ee728b)  -> (artifact id: 'ecc28040cdd4096bffb0773444b3ee1f') in 0.008603 seconds
  Import took 0.010890 seconds .

========================================================================
Received Import Request.
  Time since last request: 0.000125 seconds.
  path: Assets/Textures/vikings_4.jpg
  artifactKey: Guid(077ad7de45f904a9d8d6d695a4e36062) Importer(815301076,1909f56bfc062723c751e8b465ee728b)
Start importing Assets/Textures/vikings_4.jpg using Guid(077ad7de45f904a9d8d6d695a4e36062) Importer(815301076,1909f56bfc062723c751e8b465ee728b)  -> (artifact id: '260261632352bcd1d72310512220219f') in 0.010927 seconds
  Import took 0.013275 seconds .

========================================================================
Received Import Request.
  Time since last request: 0.000133 seconds.
  path: Packages/com.unity.purchasing/Icons/LinkWhite.png
  artifactKey: Guid(e679a29ca22bc4fa0bd848bd79a42b79) Importer(815301076,1909f56bfc062723c751e8b465ee728b)
Start importing Packages/com.unity.purchasing/Icons/LinkWhite.png using Guid(e679a29ca22bc4fa0bd848bd79a42b79) Importer(815301076,1909f56bfc062723c751e8b465ee728b)  -> (artifact id: '1f3ccac56858bc25df6b8526ca0be8a1') in 0.006483 seconds
  Import took 0.008692 seconds .

========================================================================
Received Import Request.
  Time since last request: 0.000118 seconds.
  path: Assets/Textures/vikings_3.jpg
  artifactKey: Guid(f5850d02e754e4d19ba13372eab78fd5) Importer(815301076,1909f56bfc062723c751e8b465ee728b)
Start importing Assets/Textures/vikings_3.jpg using Guid(f5850d02e754e4d19ba13372eab78fd5) Importer(815301076,1909f56bfc062723c751e8b465ee728b)  -> (artifact id: '3437524fe481e838a6a688c7e941c880') in 0.011322 seconds
  Import took 0.013516 seconds .

========================================================================
Received Import Request.
  Time since last request: 0.000157 seconds.
  path: Assets/Textures/card_frame_golden.png
  artifactKey: Guid(92d4dc4c6e9d4488e8e8bf3f8eb134c5) Importer(815301076,1909f56bfc062723c751e8b465ee728b)
Start importing Assets/Textures/card_frame_golden.png using Guid(92d4dc4c6e9d4488e8e8bf3f8eb134c5) Importer(815301076,1909f56bfc062723c751e8b465ee728b)  -> (artifact id: '1b177d7e7dbd25fc75c67189e5f0f8af') in 0.014680 seconds
  Import took 0.017960 seconds .

========================================================================
Received Import Request.
  Time since last request: 0.000244 seconds.
  path: Assets/Textures/vikings_5.jpg
  artifactKey: Guid(7bf101b261f3c44d9bd666ba76f61dda) Importer(815301076,1909f56bfc062723c751e8b465ee728b)
Start importing Assets/Textures/vikings_5.jpg using Guid(7bf101b261f3c44d9bd666ba76f61dda) Importer(815301076,1909f56bfc062723c751e8b465ee728b)  -> (artifact id: 'f92927c0208719520be0cc4820ce9e84') in 0.014675 seconds
  Import took 0.017449 seconds .

========================================================================
Received Import Request.
  Time since last request: 0.000205 seconds.
  path: Assets/Textures/vikings_2.jpg
  artifactKey: Guid(3d525433c50e74054b3f569109006a83) Importer(815301076,1909f56bfc062723c751e8b465ee728b)
Start importing Assets/Textures/vikings_2.jpg using Guid(3d525433c50e74054b3f569109006a83) Importer(815301076,1909f56bfc062723c751e8b465ee728b)  -> (artifact id: '8b77821327605651f0c4e3119a39a2e3') in 0.011620 seconds
  Import took 0.014238 seconds .

AssetImportWorkerClient::OnTransportError - code=2 error=End of file
